<?xml version="1.0" encoding="UTF-8"?>
<testng-results ignored="0" total="1" passed="1" failed="0" skipped="0">
  <reporter-output>
  </reporter-output>
  <suite started-at="2023-04-20T23:28:41 IST" name="Default Suite" finished-at="2023-04-20T23:28:55 IST" duration-ms="14348">
    <groups>
    </groups>
    <test started-at="2023-04-20T23:28:41 IST" name="NewProject" finished-at="2023-04-20T23:28:55 IST" duration-ms="14348">
      <class name="org.example.AppTest">
        <test-method is-config="true" signature="setup()[pri:0, instance:org.example.AppTest@4aa3d36]" started-at="2023-04-20T23:28:41 IST" name="setup" finished-at="2023-04-20T23:28:51 IST" duration-ms="10252" status="PASS">
          <reporter-output>
          </reporter-output>
        </test-method> <!-- setup -->
        <test-method signature="googleTest()[pri:0, instance:org.example.AppTest@4aa3d36]" started-at="2023-04-20T23:28:51 IST" name="googleTest" finished-at="2023-04-20T23:28:55 IST" duration-ms="3694" status="PASS">
          <reporter-output>
          </reporter-output>
        </test-method> <!-- googleTest -->
        <test-method is-config="true" signature="close()[pri:0, instance:org.example.AppTest@4aa3d36]" started-at="2023-04-20T23:28:55 IST" name="close" finished-at="2023-04-20T23:28:55 IST" duration-ms="299" status="PASS">
          <reporter-output>
          </reporter-output>
        </test-method> <!-- close -->
      </class> <!-- org.example.AppTest -->
    </test> <!-- NewProject -->
  </suite> <!-- Default Suite -->
</testng-results>
